<?xml version="1.0" encoding="UTF-8"?>
<!-- Generated by org.testng.reporters.JUnitXMLReporter -->
<testsuite ignored="0" hostname="LAPTOP-6F5IMLR2" failures="1" tests="11" name="chrome browser" time="0.075" errors="0" timestamp="23 May 2024 09:29:13 GMT">
  <testcase classname="org.testngconcept.Test123" name="tc01" time="0.019"/>
  <testcase classname="org.testngconcept.Test123" name="tc02" time="0.001"/>
  <testcase classname="org.testngconcept.Test123" name="tc03" time="0.003">
    <skipped/>
  </testcase> <!-- tc03 -->
  <testcase classname="org.testngconcept.Test123" name="tc03" time="0.001">
    <skipped/>
  </testcase> <!-- tc03 -->
  <testcase classname="org.testngconcept.Test123" name="tc03" time="0.001">
    <skipped/>
  </testcase> <!-- tc03 -->
  <testcase classname="org.testngconcept.Test123" name="tc03" time="0.001">
    <skipped/>
  </testcase> <!-- tc03 -->
  <testcase classname="org.testngconcept.Test123" name="tc03" time="0.001">
    <skipped/>
  </testcase> <!-- tc03 -->
  <testcase classname="org.testngconcept.Test123" name="tc03" time="0.001">
    <failure type="java.lang.AssertionError">
      <![CDATA[java.lang.AssertionError
at org.junit.Assert.fail(Assert.java:87)
at org.junit.Assert.assertTrue(Assert.java:42)
at org.junit.Assert.assertTrue(Assert.java:53)
... Removed 26 stack frames]]>
    </failure>
  </testcase> <!-- tc03 -->
  <testcase classname="org.testngconcept.Test123" name="tc04" time="0.002"/>
  <testcase classname="org.testngconcept.Test123" name="tc05" time="0.003"/>
  <testcase classname="org.testngconcept.Test123" name="tc06" time="0.001"/>
</testsuite> <!-- chrome browser -->
