<?xml version="1.0" encoding="UTF-8"?>
<!-- Generated by org.testng.reporters.JUnitXMLReporter -->
<testsuite ignored="0" hostname="LAPTOP-6F5IMLR2" failures="1" tests="1" name="Test1" time="0.005" errors="0" timestamp="18 May 2024 08:15:42 GMT">
  <testcase classname="org.exe.TestNGClass2" name="tc01" time="0.0">
    <failure type="org.testng.TestNGException" message="
Parameter &amp;apos;username&amp;apos; is required by @Test on method tc01 but has not been marked @Optional or defined
in C:\Users\sabas\OneDrive\Pictures\FW07052024\testng.xml">
      <![CDATA[org.testng.TestNGException: 
Parameter 'username' is required by @Test on method tc01 but has not been marked @Optional or defined
in C:\Users\sabas\OneDrive\Pictures\FW07052024\testng.xml
... Removed 24 stack frames]]>
    </failure>
  </testcase> <!-- tc01 -->
</testsuite> <!-- Test1 -->
